Started GET "/" for 127.0.0.1 at 2020-12-11 22:06:01 +0300
  [1m[35m (3.6ms)[0m  [1m[34mSELECT sqlite_version(*)[0m
  
ActiveRecord::PendingMigrationError (

Migrations are pending. To resolve this issue, run:

        rails db:migrate RAILS_ENV=development

):
  
activerecord (6.0.3.4) lib/active_record/migration.rb:586:in `check_pending!'
activerecord (6.0.3.4) lib/active_record/migration.rb:564:in `call'
actionpack (6.0.3.4) lib/action_dispatch/middleware/callbacks.rb:27:in `block in call'
activesupport (6.0.3.4) lib/active_support/callbacks.rb:101:in `run_callbacks'
actionpack (6.0.3.4) lib/action_dispatch/middleware/callbacks.rb:26:in `call'
actionpack (6.0.3.4) lib/action_dispatch/middleware/executor.rb:14:in `call'
actionpack (6.0.3.4) lib/action_dispatch/middleware/actionable_exceptions.rb:18:in `call'
actionpack (6.0.3.4) lib/action_dispatch/middleware/debug_exceptions.rb:32:in `call'
web-console (4.1.0) lib/web_console/middleware.rb:132:in `call_app'
web-console (4.1.0) lib/web_console/middleware.rb:28:in `block in call'
web-console (4.1.0) lib/web_console/middleware.rb:17:in `catch'
web-console (4.1.0) lib/web_console/middleware.rb:17:in `call'
actionpack (6.0.3.4) lib/action_dispatch/middleware/show_exceptions.rb:33:in `call'
railties (6.0.3.4) lib/rails/rack/logger.rb:37:in `call_app'
railties (6.0.3.4) lib/rails/rack/logger.rb:26:in `block in call'
activesupport (6.0.3.4) lib/active_support/tagged_logging.rb:80:in `block in tagged'
activesupport (6.0.3.4) lib/active_support/tagged_logging.rb:28:in `tagged'
activesupport (6.0.3.4) lib/active_support/tagged_logging.rb:80:in `tagged'
railties (6.0.3.4) lib/rails/rack/logger.rb:26:in `call'
sprockets-rails (3.2.2) lib/sprockets/rails/quiet_assets.rb:13:in `call'
actionpack (6.0.3.4) lib/action_dispatch/middleware/remote_ip.rb:81:in `call'
actionpack (6.0.3.4) lib/action_dispatch/middleware/request_id.rb:27:in `call'
rack (2.2.3) lib/rack/method_override.rb:24:in `call'
rack (2.2.3) lib/rack/runtime.rb:22:in `call'
activesupport (6.0.3.4) lib/active_support/cache/strategy/local_cache_middleware.rb:29:in `call'
actionpack (6.0.3.4) lib/action_dispatch/middleware/executor.rb:14:in `call'
actionpack (6.0.3.4) lib/action_dispatch/middleware/static.rb:126:in `call'
rack (2.2.3) lib/rack/sendfile.rb:110:in `call'
actionpack (6.0.3.4) lib/action_dispatch/middleware/host_authorization.rb:82:in `call'
webpacker (4.3.0) lib/webpacker/dev_server_proxy.rb:23:in `perform_request'
rack-proxy (0.6.5) lib/rack/proxy.rb:57:in `call'
railties (6.0.3.4) lib/rails/engine.rb:527:in `call'
puma (4.3.6) lib/puma/configuration.rb:228:in `call'
puma (4.3.6) lib/puma/server.rb:713:in `handle_request'
puma (4.3.6) lib/puma/server.rb:472:in `process_client'
puma (4.3.6) lib/puma/server.rb:328:in `block in run'
puma (4.3.6) lib/puma/thread_pool.rb:134:in `block in spawn_thread'
Started GET "/packs/js/application-9afcbb5693aa87623e69.js" for 127.0.0.1 at 2020-12-11 22:06:01 +0300
  
ActiveRecord::PendingMigrationError (

Migrations are pending. To resolve this issue, run:

        rails db:migrate RAILS_ENV=development

):
  
activerecord (6.0.3.4) lib/active_record/migration.rb:586:in `check_pending!'
activerecord (6.0.3.4) lib/active_record/migration.rb:564:in `call'
actionpack (6.0.3.4) lib/action_dispatch/middleware/callbacks.rb:27:in `block in call'
activesupport (6.0.3.4) lib/active_support/callbacks.rb:101:in `run_callbacks'
actionpack (6.0.3.4) lib/action_dispatch/middleware/callbacks.rb:26:in `call'
actionpack (6.0.3.4) lib/action_dispatch/middleware/executor.rb:14:in `call'
actionpack (6.0.3.4) lib/action_dispatch/middleware/actionable_exceptions.rb:18:in `call'
actionpack (6.0.3.4) lib/action_dispatch/middleware/debug_exceptions.rb:32:in `call'
web-console (4.1.0) lib/web_console/middleware.rb:132:in `call_app'
web-console (4.1.0) lib/web_console/middleware.rb:28:in `block in call'
web-console (4.1.0) lib/web_console/middleware.rb:17:in `catch'
web-console (4.1.0) lib/web_console/middleware.rb:17:in `call'
actionpack (6.0.3.4) lib/action_dispatch/middleware/show_exceptions.rb:33:in `call'
railties (6.0.3.4) lib/rails/rack/logger.rb:37:in `call_app'
railties (6.0.3.4) lib/rails/rack/logger.rb:26:in `block in call'
activesupport (6.0.3.4) lib/active_support/tagged_logging.rb:80:in `block in tagged'
activesupport (6.0.3.4) lib/active_support/tagged_logging.rb:28:in `tagged'
activesupport (6.0.3.4) lib/active_support/tagged_logging.rb:80:in `tagged'
railties (6.0.3.4) lib/rails/rack/logger.rb:26:in `call'
sprockets-rails (3.2.2) lib/sprockets/rails/quiet_assets.rb:13:in `call'
actionpack (6.0.3.4) lib/action_dispatch/middleware/remote_ip.rb:81:in `call'
actionpack (6.0.3.4) lib/action_dispatch/middleware/request_id.rb:27:in `call'
rack (2.2.3) lib/rack/method_override.rb:24:in `call'
rack (2.2.3) lib/rack/runtime.rb:22:in `call'
activesupport (6.0.3.4) lib/active_support/cache/strategy/local_cache_middleware.rb:29:in `call'
actionpack (6.0.3.4) lib/action_dispatch/middleware/executor.rb:14:in `call'
actionpack (6.0.3.4) lib/action_dispatch/middleware/static.rb:126:in `call'
rack (2.2.3) lib/rack/sendfile.rb:110:in `call'
actionpack (6.0.3.4) lib/action_dispatch/middleware/host_authorization.rb:82:in `call'
webpacker (4.3.0) lib/webpacker/dev_server_proxy.rb:23:in `perform_request'
rack-proxy (0.6.5) lib/rack/proxy.rb:57:in `call'
railties (6.0.3.4) lib/rails/engine.rb:527:in `call'
puma (4.3.6) lib/puma/configuration.rb:228:in `call'
puma (4.3.6) lib/puma/server.rb:713:in `handle_request'
puma (4.3.6) lib/puma/server.rb:472:in `process_client'
puma (4.3.6) lib/puma/server.rb:328:in `block in run'
puma (4.3.6) lib/puma/thread_pool.rb:134:in `block in spawn_thread'
Started POST "/rails/actions" for 127.0.0.1 at 2020-12-11 22:06:30 +0300
  [1m[35m (2.0ms)[0m  [1m[35mCREATE TABLE "schema_migrations" ("version" varchar NOT NULL PRIMARY KEY)[0m
  [1m[35m (1.9ms)[0m  [1m[35mCREATE TABLE "ar_internal_metadata" ("key" varchar NOT NULL PRIMARY KEY, "value" varchar, "created_at" datetime(6) NOT NULL, "updated_at" datetime(6) NOT NULL)[0m
  [1m[35m (0.3ms)[0m  [1m[34mSELECT "schema_migrations"."version" FROM "schema_migrations" ORDER BY "schema_migrations"."version" ASC[0m
Migrating to CreatePalindromeResults (20201127104046)
  [1m[35m (0.1ms)[0m  [1m[36mbegin transaction[0m
  [1m[35m (0.6ms)[0m  [1m[35mCREATE TABLE "palindrome_results" ("id" integer PRIMARY KEY AUTOINCREMENT NOT NULL, "num" integer, "result" text, "created_at" datetime(6) NOT NULL, "updated_at" datetime(6) NOT NULL)[0m
  [1m[36mprimary::SchemaMigration Create (0.3ms)[0m  [1m[32mINSERT INTO "schema_migrations" ("version") VALUES (?)[0m  [["version", "20201127104046"]]
  [1m[35m (1.5ms)[0m  [1m[36mcommit transaction[0m
  [1m[36mActiveRecord::InternalMetadata Load (0.3ms)[0m  [1m[34mSELECT "ar_internal_metadata".* FROM "ar_internal_metadata" WHERE "ar_internal_metadata"."key" = ? LIMIT ?[0m  [["key", "environment"], ["LIMIT", 1]]
  [1m[35m (0.1ms)[0m  [1m[36mbegin transaction[0m
  [1m[36mActiveRecord::InternalMetadata Create (0.7ms)[0m  [1m[32mINSERT INTO "ar_internal_metadata" ("key", "value", "created_at", "updated_at") VALUES (?, ?, ?, ?)[0m  [["key", "environment"], ["value", "development"], ["created_at", "2020-12-11 19:06:30.966605"], ["updated_at", "2020-12-11 19:06:30.966605"]]
  [1m[35m (1.4ms)[0m  [1m[36mcommit transaction[0m
Started GET "/" for 127.0.0.1 at 2020-12-11 22:06:31 +0300
  [1m[35m (0.2ms)[0m  [1m[34mSELECT "schema_migrations"."version" FROM "schema_migrations" ORDER BY "schema_migrations"."version" ASC[0m
Started GET "/palindrome/input" for 127.0.0.1 at 2020-12-11 22:06:31 +0300
Processing by PalindromeController#input as HTML
  Rendering palindrome/input.html.erb within layouts/application
  Rendered palindrome/input.html.erb within layouts/application (Duration: 1.0ms | Allocations: 356)
[Webpacker] Compiling...
[Webpacker] Compiled all packs in /Users/violakorabelnikova/Desktop/РУБИ/лаб11/public/packs
[Webpacker] Hash: 15d1bb7b54cf6326b9ba
Version: webpack 4.44.2
Time: 2797ms
Built at: 2020-12-11 22:06:36
                                     Asset       Size       Chunks                         Chunk Names
    js/application-9afcbb5693aa87623e69.js    124 KiB  application  [emitted] [immutable]  application
js/application-9afcbb5693aa87623e69.js.map    139 KiB  application  [emitted] [dev]        application
                             manifest.json  364 bytes               [emitted]              
Entrypoint application = js/application-9afcbb5693aa87623e69.js js/application-9afcbb5693aa87623e69.js.map
[./app/javascript/channels sync recursive _channel\.js$] ./app/javascript/channels sync _channel\.js$ 160 bytes {application} [built]
[./app/javascript/channels/index.js] 211 bytes {application} [built]
[./app/javascript/packs/application.js] 749 bytes {application} [built]
[./node_modules/webpack/buildin/module.js] (webpack)/buildin/module.js 552 bytes {application} [built]
    + 3 hidden modules

Completed 200 OK in 5102ms (Views: 5095.3ms | ActiveRecord: 0.0ms | Allocations: 36949)


Started GET "/palindrome/view?num=8676&commit=Show+palindromes+from+1+to+num" for 127.0.0.1 at 2020-12-11 22:06:41 +0300
Processing by PalindromeController#view as HTML
  Parameters: {"num"=>"8676", "commit"=>"Show palindromes from 1 to num"}
  [1m[36mPalindromeResult Load (0.2ms)[0m  [1m[34mSELECT "palindrome_results".* FROM "palindrome_results" WHERE "palindrome_results"."num" = ? LIMIT ?[0m  [["num", 8676], ["LIMIT", 1]]
  ↳ app/controllers/palindrome_controller.rb:7:in `view'
  [1m[35m (0.1ms)[0m  [1m[36mbegin transaction[0m
  ↳ app/controllers/palindrome_controller.rb:15:in `view'
  [1m[36mPalindromeResult Exists? (0.3ms)[0m  [1m[34mSELECT 1 AS one FROM "palindrome_results" WHERE "palindrome_results"."num" = ? LIMIT ?[0m  [["num", 8676], ["LIMIT", 1]]
  ↳ app/controllers/palindrome_controller.rb:15:in `view'
  [1m[36mPalindromeResult Create (1.0ms)[0m  [1m[32mINSERT INTO "palindrome_results" ("num", "result", "created_at", "updated_at") VALUES (?, ?, ?, ?)[0m  [["num", 8676], ["result", "[1,3,5,7,9,33,99,313,585,717,7447]"], ["created_at", "2020-12-11 19:06:41.374691"], ["updated_at", "2020-12-11 19:06:41.374691"]]
  ↳ app/controllers/palindrome_controller.rb:15:in `view'
  [1m[35m (1.1ms)[0m  [1m[36mcommit transaction[0m
  ↳ app/controllers/palindrome_controller.rb:15:in `view'
  Rendering palindrome/view.html.erb within layouts/application
  Rendered palindrome/view.html.erb within layouts/application (Duration: 1.0ms | Allocations: 273)
[Webpacker] Everything's up-to-date. Nothing to do
Completed 200 OK in 69ms (Views: 11.8ms | ActiveRecord: 4.0ms | Allocations: 39940)


Started GET "/palindrome/input" for 127.0.0.1 at 2020-12-11 22:06:45 +0300
Processing by PalindromeController#input as HTML
  Rendering palindrome/input.html.erb within layouts/application
  Rendered palindrome/input.html.erb within layouts/application (Duration: 0.5ms | Allocations: 170)
[Webpacker] Everything's up-to-date. Nothing to do
Completed 200 OK in 17ms (Views: 15.9ms | ActiveRecord: 0.0ms | Allocations: 5601)


Started GET "/palindrome/view?num=555&commit=Show+palindromes+from+1+to+num" for 127.0.0.1 at 2020-12-11 22:06:48 +0300
Processing by PalindromeController#view as HTML
  Parameters: {"num"=>"555", "commit"=>"Show palindromes from 1 to num"}
  [1m[36mPalindromeResult Load (0.2ms)[0m  [1m[34mSELECT "palindrome_results".* FROM "palindrome_results" WHERE "palindrome_results"."num" = ? LIMIT ?[0m  [["num", 555], ["LIMIT", 1]]
  ↳ app/controllers/palindrome_controller.rb:7:in `view'
  [1m[35m (0.1ms)[0m  [1m[36mbegin transaction[0m
  ↳ app/controllers/palindrome_controller.rb:15:in `view'
  [1m[36mPalindromeResult Exists? (0.4ms)[0m  [1m[34mSELECT 1 AS one FROM "palindrome_results" WHERE "palindrome_results"."num" = ? LIMIT ?[0m  [["num", 555], ["LIMIT", 1]]
  ↳ app/controllers/palindrome_controller.rb:15:in `view'
  [1m[36mPalindromeResult Create (0.4ms)[0m  [1m[32mINSERT INTO "palindrome_results" ("num", "result", "created_at", "updated_at") VALUES (?, ?, ?, ?)[0m  [["num", 555], ["result", "[1,3,5,7,9,33,99,313]"], ["created_at", "2020-12-11 19:06:48.189233"], ["updated_at", "2020-12-11 19:06:48.189233"]]
  ↳ app/controllers/palindrome_controller.rb:15:in `view'
  [1m[35m (1.9ms)[0m  [1m[36mcommit transaction[0m
  ↳ app/controllers/palindrome_controller.rb:15:in `view'
  Rendering palindrome/view.html.erb within layouts/application
  Rendered palindrome/view.html.erb within layouts/application (Duration: 0.4ms | Allocations: 69)
[Webpacker] Everything's up-to-date. Nothing to do
Completed 200 OK in 33ms (Views: 15.9ms | ActiveRecord: 3.0ms | Allocations: 11216)


Started GET "/palindrome/input" for 127.0.0.1 at 2020-12-11 22:06:53 +0300
Processing by PalindromeController#input as HTML
  Rendering palindrome/input.html.erb within layouts/application
  Rendered palindrome/input.html.erb within layouts/application (Duration: 2.4ms | Allocations: 170)
[Webpacker] Everything's up-to-date. Nothing to do
Completed 200 OK in 25ms (Views: 21.7ms | ActiveRecord: 0.0ms | Allocations: 5587)


Started GET "/palindrome/view?num=555&commit=Show+palindromes+from+1+to+num" for 127.0.0.1 at 2020-12-11 22:06:55 +0300
Processing by PalindromeController#view as HTML
  Parameters: {"num"=>"555", "commit"=>"Show palindromes from 1 to num"}
  [1m[36mPalindromeResult Load (0.2ms)[0m  [1m[34mSELECT "palindrome_results".* FROM "palindrome_results" WHERE "palindrome_results"."num" = ? LIMIT ?[0m  [["num", 555], ["LIMIT", 1]]
  ↳ app/controllers/palindrome_controller.rb:7:in `view'
  Rendering palindrome/view.html.erb within layouts/application
  Rendered palindrome/view.html.erb within layouts/application (Duration: 1.1ms | Allocations: 69)
[Webpacker] Everything's up-to-date. Nothing to do
Completed 200 OK in 26ms (Views: 19.5ms | ActiveRecord: 0.2ms | Allocations: 6059)


Started GET "/palindrome/input" for 127.0.0.1 at 2020-12-11 22:08:39 +0300
Processing by PalindromeController#input as HTML
  Rendering palindrome/input.html.erb within layouts/application
  Rendered palindrome/input.html.erb within layouts/application (Duration: 0.4ms | Allocations: 169)
[Webpacker] Everything's up-to-date. Nothing to do
Completed 200 OK in 19ms (Views: 15.7ms | ActiveRecord: 0.0ms | Allocations: 5582)


Started GET "/palindrome/view?num=444&commit=Show+palindromes+from+1+to+num" for 127.0.0.1 at 2020-12-11 22:08:41 +0300
Processing by PalindromeController#view as HTML
  Parameters: {"num"=>"444", "commit"=>"Show palindromes from 1 to num"}
  [1m[36mPalindromeResult Load (0.4ms)[0m  [1m[34mSELECT "palindrome_results".* FROM "palindrome_results" WHERE "palindrome_results"."num" = ? LIMIT ?[0m  [["num", 444], ["LIMIT", 1]]
  ↳ app/controllers/palindrome_controller.rb:7:in `view'
  [1m[35m (0.1ms)[0m  [1m[36mbegin transaction[0m
  ↳ app/controllers/palindrome_controller.rb:15:in `view'
  [1m[36mPalindromeResult Exists? (0.5ms)[0m  [1m[34mSELECT 1 AS one FROM "palindrome_results" WHERE "palindrome_results"."num" = ? LIMIT ?[0m  [["num", 444], ["LIMIT", 1]]
  ↳ app/controllers/palindrome_controller.rb:15:in `view'
  [1m[36mPalindromeResult Create (0.6ms)[0m  [1m[32mINSERT INTO "palindrome_results" ("num", "result", "created_at", "updated_at") VALUES (?, ?, ?, ?)[0m  [["num", 444], ["result", "[1,3,5,7,9,33,99,313]"], ["created_at", "2020-12-11 19:08:41.824117"], ["updated_at", "2020-12-11 19:08:41.824117"]]
  ↳ app/controllers/palindrome_controller.rb:15:in `view'
  [1m[35m (1.2ms)[0m  [1m[36mcommit transaction[0m
  ↳ app/controllers/palindrome_controller.rb:15:in `view'
  Rendering palindrome/view.html.erb within layouts/application
  Rendered palindrome/view.html.erb within layouts/application (Duration: 0.2ms | Allocations: 69)
[Webpacker] Everything's up-to-date. Nothing to do
Completed 200 OK in 26ms (Views: 8.6ms | ActiveRecord: 2.8ms | Allocations: 10850)


Started GET "/palindrome/input" for 127.0.0.1 at 2020-12-11 22:08:47 +0300
Processing by PalindromeController#input as HTML
  Rendering palindrome/input.html.erb within layouts/application
  Rendered palindrome/input.html.erb within layouts/application (Duration: 0.5ms | Allocations: 169)
[Webpacker] Everything's up-to-date. Nothing to do
Completed 200 OK in 22ms (Views: 17.6ms | ActiveRecord: 0.0ms | Allocations: 5592)


Started GET "/palindrome/view?num=444&commit=Show+palindromes+from+1+to+num" for 127.0.0.1 at 2020-12-11 22:08:49 +0300
Processing by PalindromeController#view as HTML
  Parameters: {"num"=>"444", "commit"=>"Show palindromes from 1 to num"}
  [1m[36mPalindromeResult Load (0.8ms)[0m  [1m[34mSELECT "palindrome_results".* FROM "palindrome_results" WHERE "palindrome_results"."num" = ? LIMIT ?[0m  [["num", 444], ["LIMIT", 1]]
  ↳ app/controllers/palindrome_controller.rb:7:in `view'
  Rendering palindrome/view.html.erb within layouts/application
  Rendered palindrome/view.html.erb within layouts/application (Duration: 0.7ms | Allocations: 69)
[Webpacker] Everything's up-to-date. Nothing to do
Completed 200 OK in 16ms (Views: 10.4ms | ActiveRecord: 0.8ms | Allocations: 6041)


Started GET "/" for 127.0.0.1 at 2020-12-14 19:03:02 +0300
  [1m[35m (1.5ms)[0m  [1m[34mSELECT sqlite_version(*)[0m
  [1m[35m (0.7ms)[0m  [1m[34mSELECT "schema_migrations"."version" FROM "schema_migrations" ORDER BY "schema_migrations"."version" ASC[0m
Started GET "/palindrome/input" for 127.0.0.1 at 2020-12-14 19:03:02 +0300
Processing by PalindromeController#input as HTML
  Rendering palindrome/input.html.erb within layouts/application
  Rendered palindrome/input.html.erb within layouts/application (Duration: 2.7ms | Allocations: 468)
[Webpacker] Everything's up-to-date. Nothing to do
Completed 200 OK in 58ms (Views: 46.6ms | ActiveRecord: 0.0ms | Allocations: 10554)


Started GET "/palindrome/input" for 127.0.0.1 at 2020-12-14 19:30:38 +0300
  [1m[35m (0.4ms)[0m  [1m[34mSELECT sqlite_version(*)[0m
Processing by PalindromeController#input as HTML
  Rendering palindrome/input.html.erb within layouts/application
  Rendered palindrome/input.html.erb within layouts/application (Duration: 5.0ms | Allocations: 402)
[Webpacker] Everything's up-to-date. Nothing to do
Completed 200 OK in 102ms (Views: 92.6ms | ActiveRecord: 0.0ms | Allocations: 13099)


Started GET "/palindrome/view?num=1000&commit=%D0%9D%D0%B0%D0%B9%D1%82%D0%B8" for 127.0.0.1 at 2020-12-14 19:30:40 +0300
Processing by PalindromeController#view as HTML
  Parameters: {"num"=>"1000", "commit"=>"Найти"}
  [1m[36mPalindromeResult Load (1.0ms)[0m  [1m[34mSELECT "palindrome_results".* FROM "palindrome_results" WHERE "palindrome_results"."num" = ? LIMIT ?[0m  [["num", 1000], ["LIMIT", 1]]
  ↳ app/controllers/palindrome_controller.rb:7:in `view'
  [1m[35m (0.2ms)[0m  [1m[36mbegin transaction[0m
  ↳ app/controllers/palindrome_controller.rb:15:in `view'
  [1m[36mPalindromeResult Exists? (0.3ms)[0m  [1m[34mSELECT 1 AS one FROM "palindrome_results" WHERE "palindrome_results"."num" = ? LIMIT ?[0m  [["num", 1000], ["LIMIT", 1]]
  ↳ app/controllers/palindrome_controller.rb:15:in `view'
  [1m[36mPalindromeResult Create (3.4ms)[0m  [1m[32mINSERT INTO "palindrome_results" ("num", "result", "created_at", "updated_at") VALUES (?, ?, ?, ?)[0m  [["num", 1000], ["result", "[1,3,5,7,9,33,99,313,585,717]"], ["created_at", "2020-12-14 16:30:40.929649"], ["updated_at", "2020-12-14 16:30:40.929649"]]
  ↳ app/controllers/palindrome_controller.rb:15:in `view'
  [1m[35m (1.4ms)[0m  [1m[36mcommit transaction[0m
  ↳ app/controllers/palindrome_controller.rb:15:in `view'
  Rendering palindrome/view.html.erb within layouts/application
  Rendered palindrome/view.html.erb within layouts/application (Duration: 2.0ms | Allocations: 320)
[Webpacker] Everything's up-to-date. Nothing to do
Completed 200 OK in 303ms (Views: 31.6ms | ActiveRecord: 10.2ms | Allocations: 23412)


Started GET "/palindrome/input" for 127.0.0.1 at 2020-12-14 19:30:42 +0300
Processing by PalindromeController#input as HTML
  Rendering palindrome/input.html.erb within layouts/application
  Rendered palindrome/input.html.erb within layouts/application (Duration: 0.5ms | Allocations: 221)
[Webpacker] Everything's up-to-date. Nothing to do
Completed 200 OK in 17ms (Views: 14.9ms | ActiveRecord: 0.0ms | Allocations: 5474)


Started GET "/palindrome/view?num=1000&commit=%D0%9D%D0%B0%D0%B9%D1%82%D0%B8" for 127.0.0.1 at 2020-12-14 19:30:51 +0300
Processing by PalindromeController#view as HTML
  Parameters: {"num"=>"1000", "commit"=>"Найти"}
  [1m[36mPalindromeResult Load (0.2ms)[0m  [1m[34mSELECT "palindrome_results".* FROM "palindrome_results" WHERE "palindrome_results"."num" = ? LIMIT ?[0m  [["num", 1000], ["LIMIT", 1]]
  ↳ app/controllers/palindrome_controller.rb:7:in `view'
  Rendering palindrome/view.html.erb within layouts/application
  Rendered palindrome/view.html.erb within layouts/application (Duration: 0.4ms | Allocations: 78)
[Webpacker] Everything's up-to-date. Nothing to do
Completed 200 OK in 20ms (Views: 9.9ms | ActiveRecord: 0.2ms | Allocations: 5922)


Started GET "/palindrome/input" for 127.0.0.1 at 2020-12-14 19:30:53 +0300
Processing by PalindromeController#input as HTML
  Rendering palindrome/input.html.erb within layouts/application
  Rendered palindrome/input.html.erb within layouts/application (Duration: 1.3ms | Allocations: 220)
[Webpacker] Everything's up-to-date. Nothing to do
Completed 200 OK in 83ms (Views: 70.1ms | ActiveRecord: 0.0ms | Allocations: 5468)


Started GET "/palindrome/view?num=0&commit=%D0%9D%D0%B0%D0%B9%D1%82%D0%B8" for 127.0.0.1 at 2020-12-14 19:31:08 +0300
Processing by PalindromeController#view as HTML
  Parameters: {"num"=>"0", "commit"=>"Найти"}
  [1m[36mPalindromeResult Load (0.2ms)[0m  [1m[34mSELECT "palindrome_results".* FROM "palindrome_results" WHERE "palindrome_results"."num" = ? LIMIT ?[0m  [["num", 0], ["LIMIT", 1]]
  ↳ app/controllers/palindrome_controller.rb:7:in `view'
  [1m[35m (0.1ms)[0m  [1m[36mbegin transaction[0m
  ↳ app/controllers/palindrome_controller.rb:15:in `view'
  [1m[36mPalindromeResult Exists? (0.9ms)[0m  [1m[34mSELECT 1 AS one FROM "palindrome_results" WHERE "palindrome_results"."num" = ? LIMIT ?[0m  [["num", 0], ["LIMIT", 1]]
  ↳ app/controllers/palindrome_controller.rb:15:in `view'
  [1m[36mPalindromeResult Create (0.9ms)[0m  [1m[32mINSERT INTO "palindrome_results" ("num", "result", "created_at", "updated_at") VALUES (?, ?, ?, ?)[0m  [["num", 0], ["result", "[]"], ["created_at", "2020-12-14 16:31:08.323024"], ["updated_at", "2020-12-14 16:31:08.323024"]]
  ↳ app/controllers/palindrome_controller.rb:15:in `view'
  [1m[35m (1.5ms)[0m  [1m[36mcommit transaction[0m
  ↳ app/controllers/palindrome_controller.rb:15:in `view'
  Rendering palindrome/view.html.erb within layouts/application
  Rendered palindrome/view.html.erb within layouts/application (Duration: 0.2ms | Allocations: 37)
[Webpacker] Everything's up-to-date. Nothing to do
Completed 200 OK in 92ms (Views: 50.7ms | ActiveRecord: 3.6ms | Allocations: 9169)


Started GET "/palindrome/input" for 127.0.0.1 at 2020-12-14 19:31:15 +0300
Processing by PalindromeController#input as HTML
  Rendering palindrome/input.html.erb within layouts/application
  Rendered palindrome/input.html.erb within layouts/application (Duration: 3.6ms | Allocations: 220)
[Webpacker] Everything's up-to-date. Nothing to do
Completed 200 OK in 34ms (Views: 31.4ms | ActiveRecord: 0.0ms | Allocations: 5480)


Started GET "/palindrome/input" for 127.0.0.1 at 2020-12-14 19:32:24 +0300
Processing by PalindromeController#input as HTML
  Rendering palindrome/input.html.erb within layouts/application
  Rendered palindrome/input.html.erb within layouts/application (Duration: 1.6ms | Allocations: 389)
[Webpacker] Everything's up-to-date. Nothing to do
Completed 200 OK in 88ms (Views: 40.0ms | ActiveRecord: 0.0ms | Allocations: 6547)


Started GET "/palindrome/view?num=1000&commit=%D0%9D%D0%B0%D0%B9%D1%82%D0%B8" for 127.0.0.1 at 2020-12-14 19:32:25 +0300
Processing by PalindromeController#view as HTML
  Parameters: {"num"=>"1000", "commit"=>"Найти"}
  [1m[36mPalindromeResult Load (0.6ms)[0m  [1m[34mSELECT "palindrome_results".* FROM "palindrome_results" WHERE "palindrome_results"."num" = ? LIMIT ?[0m  [["num", 1000], ["LIMIT", 1]]
  ↳ app/controllers/palindrome_controller.rb:7:in `view'
  Rendering palindrome/view.html.erb within layouts/application
  Rendered palindrome/view.html.erb within layouts/application (Duration: 2.5ms | Allocations: 299)
[Webpacker] Everything's up-to-date. Nothing to do
Completed 200 OK in 32ms (Views: 20.9ms | ActiveRecord: 0.6ms | Allocations: 6260)


Started GET "/palindrome/input" for 127.0.0.1 at 2020-12-14 19:32:26 +0300
Processing by PalindromeController#input as HTML
  Rendering palindrome/input.html.erb within layouts/application
  Rendered palindrome/input.html.erb within layouts/application (Duration: 1.0ms | Allocations: 220)
[Webpacker] Everything's up-to-date. Nothing to do
Completed 200 OK in 72ms (Views: 58.9ms | ActiveRecord: 0.0ms | Allocations: 5473)


Started GET "/palindrome/view?num=tgf&commit=%D0%9D%D0%B0%D0%B9%D1%82%D0%B8" for 127.0.0.1 at 2020-12-14 19:32:29 +0300
Processing by PalindromeController#view as HTML
  Parameters: {"num"=>"tgf", "commit"=>"Найти"}
  [1m[36mPalindromeResult Load (0.3ms)[0m  [1m[34mSELECT "palindrome_results".* FROM "palindrome_results" WHERE "palindrome_results"."num" = ? LIMIT ?[0m  [["num", 0], ["LIMIT", 1]]
  ↳ app/controllers/palindrome_controller.rb:7:in `view'
  Rendering palindrome/view.html.erb within layouts/application
  Rendered palindrome/view.html.erb within layouts/application (Duration: 0.3ms | Allocations: 37)
[Webpacker] Everything's up-to-date. Nothing to do
Completed 200 OK in 22ms (Views: 15.5ms | ActiveRecord: 0.3ms | Allocations: 5851)


Started GET "/palindrome/input" for 127.0.0.1 at 2020-12-14 19:32:31 +0300
Processing by PalindromeController#input as HTML
  Rendering palindrome/input.html.erb within layouts/application
  Rendered palindrome/input.html.erb within layouts/application (Duration: 0.8ms | Allocations: 220)
[Webpacker] Everything's up-to-date. Nothing to do
Completed 200 OK in 39ms (Views: 22.4ms | ActiveRecord: 0.0ms | Allocations: 5468)


Started GET "/palindrome/view?num=777&commit=%D0%9D%D0%B0%D0%B9%D1%82%D0%B8" for 127.0.0.1 at 2020-12-14 19:32:34 +0300
Processing by PalindromeController#view as HTML
  Parameters: {"num"=>"777", "commit"=>"Найти"}
  [1m[36mPalindromeResult Load (0.2ms)[0m  [1m[34mSELECT "palindrome_results".* FROM "palindrome_results" WHERE "palindrome_results"."num" = ? LIMIT ?[0m  [["num", 777], ["LIMIT", 1]]
  ↳ app/controllers/palindrome_controller.rb:7:in `view'
  [1m[35m (0.2ms)[0m  [1m[36mbegin transaction[0m
  ↳ app/controllers/palindrome_controller.rb:15:in `view'
  [1m[36mPalindromeResult Exists? (0.3ms)[0m  [1m[34mSELECT 1 AS one FROM "palindrome_results" WHERE "palindrome_results"."num" = ? LIMIT ?[0m  [["num", 777], ["LIMIT", 1]]
  ↳ app/controllers/palindrome_controller.rb:15:in `view'
  [1m[36mPalindromeResult Create (0.6ms)[0m  [1m[32mINSERT INTO "palindrome_results" ("num", "result", "created_at", "updated_at") VALUES (?, ?, ?, ?)[0m  [["num", 777], ["result", "[1,3,5,7,9,33,99,313,585,717]"], ["created_at", "2020-12-14 16:32:34.187929"], ["updated_at", "2020-12-14 16:32:34.187929"]]
  ↳ app/controllers/palindrome_controller.rb:15:in `view'
  [1m[35m (1.2ms)[0m  [1m[36mcommit transaction[0m
  ↳ app/controllers/palindrome_controller.rb:15:in `view'
  Rendering palindrome/view.html.erb within layouts/application
  Rendered palindrome/view.html.erb within layouts/application (Duration: 0.2ms | Allocations: 77)
[Webpacker] Everything's up-to-date. Nothing to do
Completed 200 OK in 41ms (Views: 17.1ms | ActiveRecord: 2.4ms | Allocations: 11801)


Started GET "/palindrome/input" for 127.0.0.1 at 2020-12-14 19:32:35 +0300
Processing by PalindromeController#input as HTML
  Rendering palindrome/input.html.erb within layouts/application
  Rendered palindrome/input.html.erb within layouts/application (Duration: 0.9ms | Allocations: 220)
[Webpacker] Everything's up-to-date. Nothing to do
Completed 200 OK in 22ms (Views: 17.3ms | ActiveRecord: 0.0ms | Allocations: 5483)


Started GET "/palindrome/view?num=77&commit=%D0%9D%D0%B0%D0%B9%D1%82%D0%B8" for 127.0.0.1 at 2020-12-14 19:32:37 +0300
Processing by PalindromeController#view as HTML
  Parameters: {"num"=>"77", "commit"=>"Найти"}
  [1m[36mPalindromeResult Load (0.4ms)[0m  [1m[34mSELECT "palindrome_results".* FROM "palindrome_results" WHERE "palindrome_results"."num" = ? LIMIT ?[0m  [["num", 77], ["LIMIT", 1]]
  ↳ app/controllers/palindrome_controller.rb:7:in `view'
  [1m[35m (0.1ms)[0m  [1m[36mbegin transaction[0m
  ↳ app/controllers/palindrome_controller.rb:15:in `view'
  [1m[36mPalindromeResult Exists? (0.2ms)[0m  [1m[34mSELECT 1 AS one FROM "palindrome_results" WHERE "palindrome_results"."num" = ? LIMIT ?[0m  [["num", 77], ["LIMIT", 1]]
  ↳ app/controllers/palindrome_controller.rb:15:in `view'
  [1m[36mPalindromeResult Create (0.9ms)[0m  [1m[32mINSERT INTO "palindrome_results" ("num", "result", "created_at", "updated_at") VALUES (?, ?, ?, ?)[0m  [["num", 77], ["result", "[1,3,5,7,9,33]"], ["created_at", "2020-12-14 16:32:37.280832"], ["updated_at", "2020-12-14 16:32:37.280832"]]
  ↳ app/controllers/palindrome_controller.rb:15:in `view'
  [1m[35m (5.3ms)[0m  [1m[36mcommit transaction[0m
  ↳ app/controllers/palindrome_controller.rb:15:in `view'
  Rendering palindrome/view.html.erb within layouts/application
  Rendered palindrome/view.html.erb within layouts/application (Duration: 0.3ms | Allocations: 61)
[Webpacker] Everything's up-to-date. Nothing to do
Completed 200 OK in 90ms (Views: 39.8ms | ActiveRecord: 6.9ms | Allocations: 9471)


Started GET "/palindrome/input" for 127.0.0.1 at 2020-12-14 19:32:38 +0300
Processing by PalindromeController#input as HTML
  Rendering palindrome/input.html.erb within layouts/application
  Rendered palindrome/input.html.erb within layouts/application (Duration: 0.5ms | Allocations: 220)
[Webpacker] Everything's up-to-date. Nothing to do
Completed 200 OK in 33ms (Views: 27.3ms | ActiveRecord: 0.0ms | Allocations: 5484)


Started GET "/" for 127.0.0.1 at 2020-12-14 21:13:29 +0300
  [1m[35m (3.4ms)[0m  [1m[34mSELECT sqlite_version(*)[0m
  [1m[35m (0.8ms)[0m  [1m[34mSELECT "schema_migrations"."version" FROM "schema_migrations" ORDER BY "schema_migrations"."version" ASC[0m
Started GET "/palindrome/input" for 127.0.0.1 at 2020-12-14 21:13:29 +0300
Processing by PalindromeController#input as HTML
  Rendering palindrome/input.html.erb within layouts/application
  Rendered palindrome/input.html.erb within layouts/application (Duration: 4.4ms | Allocations: 536)
[Webpacker] Everything's up-to-date. Nothing to do
Completed 200 OK in 88ms (Views: 75.5ms | ActiveRecord: 0.0ms | Allocations: 14131)


Started GET "/palindrome/view?num=1000&commit=%D0%9D%D0%B0%D0%B9%D1%82%D0%B8" for 127.0.0.1 at 2020-12-14 21:13:33 +0300
Processing by PalindromeController#view as HTML
  Parameters: {"num"=>"1000", "commit"=>"Найти"}
  [1m[36mPalindromeResult Load (0.9ms)[0m  [1m[34mSELECT "palindrome_results".* FROM "palindrome_results" WHERE "palindrome_results"."num" = ? LIMIT ?[0m  [["num", 1000], ["LIMIT", 1]]
  ↳ app/controllers/palindrome_controller.rb:7:in `view'
  Rendering palindrome/view.html.erb within layouts/application
  Rendered palindrome/view.html.erb within layouts/application (Duration: 1.9ms | Allocations: 260)
[Webpacker] Everything's up-to-date. Nothing to do
Completed 200 OK in 52ms (Views: 18.0ms | ActiveRecord: 1.9ms | Allocations: 10197)


Started GET "/palindrome/input" for 127.0.0.1 at 2020-12-14 21:13:34 +0300
Processing by PalindromeController#input as HTML
  Rendering palindrome/input.html.erb within layouts/application
  Rendered palindrome/input.html.erb within layouts/application (Duration: 1.2ms | Allocations: 221)
[Webpacker] Everything's up-to-date. Nothing to do
Completed 200 OK in 36ms (Views: 29.2ms | ActiveRecord: 0.0ms | Allocations: 5476)


