Started GET "/" for 127.0.0.1 at 2020-12-09 17:11:31 +0300
  [1m[35m (5.5ms)[0m  [1m[34mSELECT sqlite_version(*)[0m
Started GET "/palindrome/input" for 127.0.0.1 at 2020-12-09 17:11:31 +0300
Processing by PalindromeController#input as HTML
  Rendering palindrome/input.html.erb within layouts/application
  Rendered palindrome/input.html.erb within layouts/application (Duration: 4.0ms | Allocations: 615)
[Webpacker] Compiling...
[Webpacker] Compiled all packs in /Users/violakorabelnikova/Desktop/РУБИ/лаб9/public/packs
[Webpacker] Hash: a533a6f67e8671f6b09a
Version: webpack 4.44.2
Time: 3171ms
Built at: 2020-12-09 17:11:37
                                     Asset       Size       Chunks                         Chunk Names
    js/application-5e279edbc5db3e1e4b3a.js    127 KiB  application  [emitted] [immutable]  application
js/application-5e279edbc5db3e1e4b3a.js.map    140 KiB  application  [emitted] [dev]        application
                             manifest.json  364 bytes               [emitted]              
Entrypoint application = js/application-5e279edbc5db3e1e4b3a.js js/application-5e279edbc5db3e1e4b3a.js.map
[./app/javascript/channels sync recursive _channel\.js$] ./app/javascript/channels sync _channel\.js$ 160 bytes {application} [built]
[./app/javascript/channels/index.js] 211 bytes {application} [built]
[./app/javascript/packs/application.js] 782 bytes {application} [built]
[./app/javascript/src/palindrome.js] 2.38 KiB {application} [built]
[./node_modules/webpack/buildin/module.js] (webpack)/buildin/module.js 552 bytes {application} [built]
    + 3 hidden modules

Completed 200 OK in 5919ms (Views: 5904.7ms | ActiveRecord: 0.0ms | Allocations: 27873)


Started GET "/palindrome/view.json?num=5515&commit=Show%20palindromes%20from%201%20to%20num" for 127.0.0.1 at 2020-12-09 17:11:44 +0300
Processing by PalindromeController#view as JSON
  Parameters: {"num"=>"5515", "commit"=>"Show palindromes from 1 to num"}
Completed 200 OK in 11ms (Views: 0.4ms | ActiveRecord: 0.0ms | Allocations: 17734)


Started GET "/palindrome/view.json?num=333&commit=Show%20palindromes%20from%201%20to%20num" for 127.0.0.1 at 2020-12-09 17:11:51 +0300
Processing by PalindromeController#view as JSON
  Parameters: {"num"=>"333", "commit"=>"Show palindromes from 1 to num"}
Completed 200 OK in 5ms (Views: 0.6ms | ActiveRecord: 0.0ms | Allocations: 1760)


Started GET "/" for 127.0.0.1 at 2020-12-09 17:54:54 +0300
  [1m[35m (1.6ms)[0m  [1m[34mSELECT sqlite_version(*)[0m
Started GET "/palindrome/input" for 127.0.0.1 at 2020-12-09 17:54:54 +0300
Processing by PalindromeController#input as HTML
  Rendering palindrome/input.html.erb within layouts/application
  Rendered palindrome/input.html.erb within layouts/application (Duration: 4.0ms | Allocations: 501)
[Webpacker] Everything's up-to-date. Nothing to do
Completed 200 OK in 63ms (Views: 42.3ms | ActiveRecord: 0.0ms | Allocations: 10385)


Started GET "/palindrome/view.json?num=565656&commit=Show%20palindromes%20from%201%20to%20num" for 127.0.0.1 at 2020-12-09 17:55:05 +0300
Processing by PalindromeController#view as JSON
  Parameters: {"num"=>"565656", "commit"=>"Show palindromes from 1 to num"}
Completed 200 OK in 809ms (Views: 0.5ms | ActiveRecord: 0.0ms | Allocations: 1702622)


Started GET "/" for 127.0.0.1 at 2020-12-09 17:59:05 +0300
Started GET "/palindrome/input" for 127.0.0.1 at 2020-12-09 17:59:05 +0300
Processing by PalindromeController#input as HTML
  Rendering palindrome/input.html.erb within layouts/application
  Rendered palindrome/input.html.erb within layouts/application (Duration: 0.5ms | Allocations: 183)
[Webpacker] Everything's up-to-date. Nothing to do
Completed 200 OK in 47ms (Views: 45.7ms | ActiveRecord: 0.0ms | Allocations: 5534)


Started GET "/" for 127.0.0.1 at 2020-12-09 18:08:48 +0300
  [1m[35m (4.2ms)[0m  [1m[34mSELECT sqlite_version(*)[0m
Started GET "/palindrome/input" for 127.0.0.1 at 2020-12-09 18:08:48 +0300
Processing by PalindromeController#input as HTML
  Rendering palindrome/input.html.erb within layouts/application
  Rendered palindrome/input.html.erb within layouts/application (Duration: 3.6ms | Allocations: 501)
[Webpacker] Everything's up-to-date. Nothing to do
Completed 200 OK in 74ms (Views: 60.0ms | ActiveRecord: 0.0ms | Allocations: 10471)


Started GET "/palindrome/view.json?num=6565&commit=Show%20palindromes%20from%201%20to%20num" for 127.0.0.1 at 2020-12-09 18:09:55 +0300
Processing by PalindromeController#view as JSON
  Parameters: {"num"=>"6565", "commit"=>"Show palindromes from 1 to num"}
Completed 200 OK in 20ms (Views: 1.1ms | ActiveRecord: 0.0ms | Allocations: 20869)


Started GET "/palindrome/view.json?num=6565&commit=Show%20palindromes%20from%201%20to%20num" for 127.0.0.1 at 2020-12-09 18:10:55 +0300
Processing by PalindromeController#view as JSON
  Parameters: {"num"=>"6565", "commit"=>"Show palindromes from 1 to num"}
Completed 200 OK in 19ms (Views: 0.8ms | ActiveRecord: 0.0ms | Allocations: 20836)


Started GET "/" for 127.0.0.1 at 2020-12-09 18:27:11 +0300
  [1m[35m (6.6ms)[0m  [1m[34mSELECT sqlite_version(*)[0m
Started GET "/palindrome/input" for 127.0.0.1 at 2020-12-09 18:27:12 +0300
Processing by PalindromeController#input as HTML
  Rendering palindrome/input.html.erb within layouts/application
  Rendered palindrome/input.html.erb within layouts/application (Duration: 8.8ms | Allocations: 501)
[Webpacker] Everything's up-to-date. Nothing to do
Completed 200 OK in 363ms (Views: 340.9ms | ActiveRecord: 0.0ms | Allocations: 10384)


Started GET "/palindrome/input" for 127.0.0.1 at 2020-12-09 18:31:41 +0300
  [1m[35m (2.5ms)[0m  [1m[34mSELECT sqlite_version(*)[0m
Processing by PalindromeController#input as HTML
  Rendering palindrome/input.html.erb within layouts/application
  Rendered palindrome/input.html.erb within layouts/application (Duration: 4.0ms | Allocations: 501)
[Webpacker] Everything's up-to-date. Nothing to do
Completed 200 OK in 171ms (Views: 77.3ms | ActiveRecord: 0.0ms | Allocations: 10369)


Started GET "/palindrome/input" for 127.0.0.1 at 2020-12-09 18:33:16 +0300
Processing by PalindromeController#input as HTML
  Rendering palindrome/input.html.erb within layouts/application
  Rendered palindrome/input.html.erb within layouts/application (Duration: 0.6ms | Allocations: 184)
[Webpacker] Everything's up-to-date. Nothing to do
Completed 200 OK in 23ms (Views: 21.9ms | ActiveRecord: 0.0ms | Allocations: 5533)


Started GET "/palindrome/view.json?num=6565&commit=Show%20palindromes%20from%201%20to%20num" for 127.0.0.1 at 2020-12-09 18:33:17 +0300
Processing by PalindromeController#view as JSON
  Parameters: {"num"=>"6565", "commit"=>"Show palindromes from 1 to num"}
Completed 200 OK in 14ms (Views: 0.6ms | ActiveRecord: 0.0ms | Allocations: 20861)


Started GET "/palindrome/input" for 127.0.0.1 at 2020-12-09 18:34:20 +0300
Processing by PalindromeController#input as HTML
  Rendering palindrome/input.html.erb within layouts/application
  Rendered palindrome/input.html.erb within layouts/application (Duration: 0.5ms | Allocations: 182)
[Webpacker] Everything's up-to-date. Nothing to do
Completed 200 OK in 26ms (Views: 24.9ms | ActiveRecord: 0.0ms | Allocations: 5526)


Started GET "/palindrome/view.json?num=6565&commit=Show%20palindromes%20from%201%20to%20num" for 127.0.0.1 at 2020-12-09 18:34:21 +0300
Processing by PalindromeController#view as JSON
  Parameters: {"num"=>"6565", "commit"=>"Show palindromes from 1 to num"}
Completed 200 OK in 39ms (Views: 0.6ms | ActiveRecord: 0.0ms | Allocations: 20851)


Started GET "/palindrome/input" for 127.0.0.1 at 2020-12-09 18:35:49 +0300
Processing by PalindromeController#input as HTML
  Rendering palindrome/input.html.erb within layouts/application
  Rendered palindrome/input.html.erb within layouts/application (Duration: 1.4ms | Allocations: 183)
[Webpacker] Everything's up-to-date. Nothing to do
Completed 200 OK in 37ms (Views: 36.1ms | ActiveRecord: 0.0ms | Allocations: 5536)


Started GET "/palindrome/view.json?num=6565&commit=Show%20palindromes%20from%201%20to%20num" for 127.0.0.1 at 2020-12-09 18:35:50 +0300
Processing by PalindromeController#view as JSON
  Parameters: {"num"=>"6565", "commit"=>"Show palindromes from 1 to num"}
Completed 200 OK in 16ms (Views: 0.6ms | ActiveRecord: 0.0ms | Allocations: 20836)


Started GET "/" for 127.0.0.1 at 2020-12-14 17:40:36 +0300
  [1m[35m (1.2ms)[0m  [1m[34mSELECT sqlite_version(*)[0m
Started GET "/palindrome/input" for 127.0.0.1 at 2020-12-14 17:40:36 +0300
Processing by PalindromeController#input as HTML
  Rendering palindrome/input.html.erb within layouts/application
  Rendered palindrome/input.html.erb within layouts/application (Duration: 8.5ms | Allocations: 2689)
Completed 500 Internal Server Error in 25ms (ActiveRecord: 0.0ms | Allocations: 4646)


  
ActionView::Template::Error (undefined method `each' for nil:NilClass):
    15: <% else %>
    16: 	<table border="1px">
    17: 		<p>Все найденные числа: </p>
    18: 		<% @result.each do |res| %>
    19: 		    <tr>
    20: 		    	<td> <%= res.to_s %> </td>
    21: 		    	<td> <%= res.to_s(2) %> </td>
  
app/views/palindrome/input.html.erb:18
Started GET "/palindrome/input" for 127.0.0.1 at 2020-12-14 17:45:08 +0300
Processing by PalindromeController#input as HTML
  Rendering palindrome/input.html.erb within layouts/application
  Rendered palindrome/input.html.erb within layouts/application (Duration: 2.3ms | Allocations: 469)
[Webpacker] Everything's up-to-date. Nothing to do
Completed 200 OK in 65ms (Views: 63.4ms | ActiveRecord: 0.0ms | Allocations: 9799)


Started GET "/palindrome/input" for 127.0.0.1 at 2020-12-14 17:46:02 +0300
Processing by PalindromeController#input as HTML
  Rendering palindrome/input.html.erb within layouts/application
  Rendered palindrome/input.html.erb within layouts/application (Duration: 1.0ms | Allocations: 464)
[Webpacker] Everything's up-to-date. Nothing to do
Completed 200 OK in 71ms (Views: 69.1ms | ActiveRecord: 0.0ms | Allocations: 12013)


Started GET "/palindrome/input" for 127.0.0.1 at 2020-12-14 17:46:30 +0300
Processing by PalindromeController#input as HTML
  Rendering palindrome/input.html.erb within layouts/application
  Rendered palindrome/input.html.erb within layouts/application (Duration: 0.5ms | Allocations: 222)
[Webpacker] Everything's up-to-date. Nothing to do
Completed 200 OK in 16ms (Views: 14.3ms | ActiveRecord: 0.0ms | Allocations: 5497)


Started GET "/palindrome/input" for 127.0.0.1 at 2020-12-14 17:46:31 +0300
Processing by PalindromeController#input as HTML
  Rendering palindrome/input.html.erb within layouts/application
  Rendered palindrome/input.html.erb within layouts/application (Duration: 0.4ms | Allocations: 220)
[Webpacker] Everything's up-to-date. Nothing to do
Completed 200 OK in 12ms (Views: 10.6ms | ActiveRecord: 0.0ms | Allocations: 5502)


Started GET "/palindrome/input" for 127.0.0.1 at 2020-12-14 17:46:52 +0300
Processing by PalindromeController#input as HTML
  Rendering palindrome/input.html.erb within layouts/application
  Rendered palindrome/input.html.erb within layouts/application (Duration: 3.3ms | Allocations: 462)
[Webpacker] Everything's up-to-date. Nothing to do
Completed 200 OK in 29ms (Views: 27.4ms | ActiveRecord: 0.0ms | Allocations: 6635)


Started GET "/palindrome/view?num=1000&commit=%D0%9D%D0%B0%D0%B9%D1%82%D0%B8" for 127.0.0.1 at 2020-12-14 17:46:54 +0300
Processing by PalindromeController#view as HTML
  Parameters: {"num"=>"1000", "commit"=>"Найти"}
  Rendering palindrome/view.html.erb within layouts/application
  Rendered palindrome/view.html.erb within layouts/application (Duration: 0.9ms | Allocations: 76)
[Webpacker] Everything's up-to-date. Nothing to do
Completed 200 OK in 18ms (Views: 13.2ms | ActiveRecord: 0.0ms | Allocations: 8879)


Started GET "/palindrome/input" for 127.0.0.1 at 2020-12-14 17:46:56 +0300
Processing by PalindromeController#input as HTML
  Rendering palindrome/input.html.erb within layouts/application
  Rendered palindrome/input.html.erb within layouts/application (Duration: 0.5ms | Allocations: 221)
[Webpacker] Everything's up-to-date. Nothing to do
Completed 200 OK in 51ms (Views: 50.1ms | ActiveRecord: 0.0ms | Allocations: 5492)


Started GET "/palindrome/input" for 127.0.0.1 at 2020-12-14 17:50:27 +0300
Processing by PalindromeController#input as HTML
  Rendering palindrome/input.html.erb within layouts/application
  Rendered palindrome/input.html.erb within layouts/application (Duration: 200.1ms | Allocations: 64240)
Completed 500 Internal Server Error in 204ms (ActiveRecord: 0.0ms | Allocations: 65553)


  
ActionView::Template::Error (undefined method `fform_tag' for #<#<Class:0x00007f87d3717ac0>:0x00007f87d3714f78>
Did you mean?  form_tag):
    1: <h1>Palindrome#input</h1>
    2: 
    3: <p>Программа, определяющаю все меньшие n (n ≤ 10<sup>6</sup>) натуральные числа, которые являются палиндромами как в десятичной, так и в двоичной системе.</p>
    4: <%= fform_tag('view.json', :method => "get", remote: true, id: 'input_frm') do %>
    5:   <p> Введите граничное значение num: </p>
    6:   <%= label_tag("Значение num = ") %>
    7: <%= text_field_tag(:num,'', :maxlength => '6', :value => '1000', class: "num") %>  <br/>
  
app/views/palindrome/input.html.erb:4
Started GET "/palindrome/input" for 127.0.0.1 at 2020-12-14 17:50:33 +0300
Processing by PalindromeController#input as HTML
  Rendering palindrome/input.html.erb within layouts/application
  Rendered palindrome/input.html.erb within layouts/application (Duration: 3.2ms | Allocations: 474)
[Webpacker] Everything's up-to-date. Nothing to do
Completed 200 OK in 35ms (Views: 33.1ms | ActiveRecord: 0.0ms | Allocations: 6669)


Started GET "/palindrome/view.json?num=1000&commit=%D0%9D%D0%B0%D0%B9%D1%82%D0%B8" for 127.0.0.1 at 2020-12-14 17:50:35 +0300
Processing by PalindromeController#view as JSON
  Parameters: {"num"=>"1000", "commit"=>"Найти"}
Completed 200 OK in 3ms (Views: 0.4ms | ActiveRecord: 0.0ms | Allocations: 4157)


Started GET "/palindrome/view.json?num=0&commit=%D0%9D%D0%B0%D0%B9%D1%82%D0%B8" for 127.0.0.1 at 2020-12-14 17:50:40 +0300
Processing by PalindromeController#view as JSON
  Parameters: {"num"=>"0", "commit"=>"Найти"}
Completed 200 OK in 1ms (Views: 0.1ms | ActiveRecord: 0.0ms | Allocations: 486)


Started GET "/palindrome/input" for 127.0.0.1 at 2020-12-14 17:51:44 +0300
  [1m[35m (0.1ms)[0m  [1m[34mSELECT sqlite_version(*)[0m
Processing by PalindromeController#input as HTML
  Rendering palindrome/input.html.erb within layouts/application
  Rendered palindrome/input.html.erb within layouts/application (Duration: 0.5ms | Allocations: 258)
[Webpacker] Everything's up-to-date. Nothing to do
Completed 200 OK in 20ms (Views: 18.9ms | ActiveRecord: 0.0ms | Allocations: 5905)


Started GET "/palindrome/view.json?num=1000&commit=%D0%9D%D0%B0%D0%B9%D1%82%D0%B8" for 127.0.0.1 at 2020-12-14 17:51:46 +0300
Processing by PalindromeController#view as JSON
  Parameters: {"num"=>"1000", "commit"=>"Найти"}
Completed 200 OK in 4ms (Views: 0.5ms | ActiveRecord: 0.0ms | Allocations: 4161)


Started GET "/palindrome/view.json?num=0&commit=%D0%9D%D0%B0%D0%B9%D1%82%D0%B8" for 127.0.0.1 at 2020-12-14 17:51:48 +0300
Processing by PalindromeController#view as JSON
  Parameters: {"num"=>"0", "commit"=>"Найти"}
Completed 500 Internal Server Error in 2ms (ActiveRecord: 0.0ms | Allocations: 1329)


  
NoMethodError (undefined method `map' for nil:NilClass):
  
app/controllers/palindrome_controller.rb:21:in `block (2 levels) in view'
app/controllers/palindrome_controller.rb:18:in `view'
Started GET "/palindrome/view.json?num=0&commit=%D0%9D%D0%B0%D0%B9%D1%82%D0%B8" for 127.0.0.1 at 2020-12-14 17:51:49 +0300
Processing by PalindromeController#view as JSON
  Parameters: {"num"=>"0", "commit"=>"Найти"}
Completed 500 Internal Server Error in 2ms (ActiveRecord: 0.0ms | Allocations: 1326)


  
NoMethodError (undefined method `map' for nil:NilClass):
  
app/controllers/palindrome_controller.rb:21:in `block (2 levels) in view'
app/controllers/palindrome_controller.rb:18:in `view'
Started GET "/palindrome/view.json?num=0&commit=%D0%9D%D0%B0%D0%B9%D1%82%D0%B8" for 127.0.0.1 at 2020-12-14 17:51:52 +0300
Processing by PalindromeController#view as JSON
  Parameters: {"num"=>"0", "commit"=>"Найти"}
Completed 500 Internal Server Error in 2ms (ActiveRecord: 0.0ms | Allocations: 1328)


  
NoMethodError (undefined method `map' for nil:NilClass):
  
app/controllers/palindrome_controller.rb:21:in `block (2 levels) in view'
app/controllers/palindrome_controller.rb:18:in `view'
Started GET "/palindrome/view.json?num=55&commit=%D0%9D%D0%B0%D0%B9%D1%82%D0%B8" for 127.0.0.1 at 2020-12-14 17:51:56 +0300
Processing by PalindromeController#view as JSON
  Parameters: {"num"=>"55", "commit"=>"Найти"}
Completed 200 OK in 2ms (Views: 0.5ms | ActiveRecord: 0.0ms | Allocations: 904)


Started GET "/palindrome/view.json?num=dff&commit=%D0%9D%D0%B0%D0%B9%D1%82%D0%B8" for 127.0.0.1 at 2020-12-14 17:52:01 +0300
Processing by PalindromeController#view as JSON
  Parameters: {"num"=>"dff", "commit"=>"Найти"}
Completed 500 Internal Server Error in 2ms (ActiveRecord: 0.0ms | Allocations: 1313)


  
NoMethodError (undefined method `map' for nil:NilClass):
  
app/controllers/palindrome_controller.rb:21:in `block (2 levels) in view'
app/controllers/palindrome_controller.rb:18:in `view'
Started GET "/palindrome/input" for 127.0.0.1 at 2020-12-14 17:52:52 +0300
  [1m[35m (0.2ms)[0m  [1m[34mSELECT sqlite_version(*)[0m
Processing by PalindromeController#input as HTML
  Rendering palindrome/input.html.erb within layouts/application
  Rendered palindrome/input.html.erb within layouts/application (Duration: 0.7ms | Allocations: 258)
[Webpacker] Everything's up-to-date. Nothing to do
Completed 200 OK in 11ms (Views: 10.3ms | ActiveRecord: 0.0ms | Allocations: 5894)


Started GET "/palindrome/view.json?num=fdd&commit=%D0%9D%D0%B0%D0%B9%D1%82%D0%B8" for 127.0.0.1 at 2020-12-14 17:52:55 +0300
Processing by PalindromeController#view as JSON
  Parameters: {"num"=>"fdd", "commit"=>"Найти"}
Completed 500 Internal Server Error in 3ms (ActiveRecord: 0.0ms | Allocations: 2024)


  
NoMethodError (undefined method `map' for "Введены неправильные значения":String
Did you mean?  tap):
  
app/controllers/palindrome_controller.rb:22:in `block (2 levels) in view'
app/controllers/palindrome_controller.rb:19:in `view'
Started GET "/palindrome/view.json?num=fdd&commit=%D0%9D%D0%B0%D0%B9%D1%82%D0%B8" for 127.0.0.1 at 2020-12-14 17:52:56 +0300
Processing by PalindromeController#view as JSON
  Parameters: {"num"=>"fdd", "commit"=>"Найти"}
Completed 500 Internal Server Error in 3ms (ActiveRecord: 0.0ms | Allocations: 2004)


  
NoMethodError (undefined method `map' for "Введены неправильные значения":String
Did you mean?  tap):
  
app/controllers/palindrome_controller.rb:22:in `block (2 levels) in view'
app/controllers/palindrome_controller.rb:19:in `view'
Started GET "/palindrome/input" for 127.0.0.1 at 2020-12-14 17:53:36 +0300
  [1m[35m (0.1ms)[0m  [1m[34mSELECT sqlite_version(*)[0m
Processing by PalindromeController#input as HTML
  Rendering palindrome/input.html.erb within layouts/application
  Rendered palindrome/input.html.erb within layouts/application (Duration: 1.1ms | Allocations: 445)
[Webpacker] Everything's up-to-date. Nothing to do
Completed 200 OK in 17ms (Views: 14.2ms | ActiveRecord: 0.0ms | Allocations: 6837)


Started GET "/palindrome/view.json?num=1000&commit=%D0%9D%D0%B0%D0%B9%D1%82%D0%B8" for 127.0.0.1 at 2020-12-14 17:53:37 +0300
Processing by PalindromeController#view as JSON
  Parameters: {"num"=>"1000", "commit"=>"Найти"}
Completed 200 OK in 3ms (Views: 0.6ms | ActiveRecord: 0.0ms | Allocations: 4165)


Started GET "/palindrome/view.json?num=666&commit=%D0%9D%D0%B0%D0%B9%D1%82%D0%B8" for 127.0.0.1 at 2020-12-14 17:53:39 +0300
Processing by PalindromeController#view as JSON
  Parameters: {"num"=>"666", "commit"=>"Найти"}
Completed 200 OK in 3ms (Views: 0.4ms | ActiveRecord: 0.0ms | Allocations: 3014)


Started GET "/palindrome/view.json?num=0&commit=%D0%9D%D0%B0%D0%B9%D1%82%D0%B8" for 127.0.0.1 at 2020-12-14 17:53:42 +0300
Processing by PalindromeController#view as JSON
  Parameters: {"num"=>"0", "commit"=>"Найти"}
Completed 200 OK in 1ms (Views: 0.1ms | ActiveRecord: 0.0ms | Allocations: 477)


Started GET "/palindrome/input" for 127.0.0.1 at 2020-12-14 17:57:15 +0300
  [1m[35m (2.0ms)[0m  [1m[34mSELECT sqlite_version(*)[0m
Processing by PalindromeController#input as HTML
  Rendering palindrome/input.html.erb within layouts/application
  Rendered palindrome/input.html.erb within layouts/application (Duration: 4.3ms | Allocations: 573)
[Webpacker] Everything's up-to-date. Nothing to do
Completed 200 OK in 101ms (Views: 90.6ms | ActiveRecord: 0.0ms | Allocations: 13859)


Started GET "/palindrome/view.json?num=6565&commit=%D0%9D%D0%B0%D0%B9%D1%82%D0%B8" for 127.0.0.1 at 2020-12-14 17:57:15 +0300
Processing by PalindromeController#view as JSON
  Parameters: {"num"=>"6565", "commit"=>"Найти"}
Completed 200 OK in 11ms (Views: 0.4ms | ActiveRecord: 0.0ms | Allocations: 20868)


Started GET "/palindrome/input" for 127.0.0.1 at 2020-12-14 18:01:03 +0300
Processing by PalindromeController#input as HTML
  Rendering palindrome/input.html.erb within layouts/application
  Rendered palindrome/input.html.erb within layouts/application (Duration: 2.2ms | Allocations: 234)
[Webpacker] Everything's up-to-date. Nothing to do
Completed 200 OK in 34ms (Views: 30.0ms | ActiveRecord: 0.0ms | Allocations: 5263)


Started GET "/palindrome/view.json?num=6565&commit=%D0%9D%D0%B0%D0%B9%D1%82%D0%B8" for 127.0.0.1 at 2020-12-14 18:01:05 +0300
Processing by PalindromeController#view as JSON
  Parameters: {"num"=>"6565", "commit"=>"Найти"}
Completed 200 OK in 92ms (Views: 36.0ms | ActiveRecord: 0.0ms | Allocations: 20849)


Started GET "/palindrome/view.json?num=666&commit=%D0%9D%D0%B0%D0%B9%D1%82%D0%B8" for 127.0.0.1 at 2020-12-14 18:03:55 +0300
Processing by PalindromeController#view as JSON
  Parameters: {"num"=>"666", "commit"=>"Найти"}
Completed 200 OK in 50ms (Views: 0.5ms | ActiveRecord: 0.0ms | Allocations: 3022)


Started GET "/palindrome/view.json?num=7777&commit=%D0%9D%D0%B0%D0%B9%D1%82%D0%B8" for 127.0.0.1 at 2020-12-14 18:04:18 +0300
Processing by PalindromeController#view as JSON
  Parameters: {"num"=>"7777", "commit"=>"Найти"}
Completed 200 OK in 26ms (Views: 0.8ms | ActiveRecord: 0.0ms | Allocations: 24726)


Started GET "/palindrome/view.json?num=0&commit=%D0%9D%D0%B0%D0%B9%D1%82%D0%B8" for 127.0.0.1 at 2020-12-14 18:04:24 +0300
Processing by PalindromeController#view as JSON
  Parameters: {"num"=>"0", "commit"=>"Найти"}
Completed 200 OK in 3ms (Views: 0.1ms | ActiveRecord: 0.0ms | Allocations: 475)


Started GET "/palindrome/view.json?num=777&commit=%D0%9D%D0%B0%D0%B9%D1%82%D0%B8" for 127.0.0.1 at 2020-12-14 18:04:29 +0300
Processing by PalindromeController#view as JSON
  Parameters: {"num"=>"777", "commit"=>"Найти"}
Completed 200 OK in 13ms (Views: 4.4ms | ActiveRecord: 0.0ms | Allocations: 3411)


Started GET "/palindrome/input" for 127.0.0.1 at 2020-12-14 18:04:33 +0300
Processing by PalindromeController#input as HTML
  Rendering palindrome/input.html.erb within layouts/application
  Rendered palindrome/input.html.erb within layouts/application (Duration: 2.7ms | Allocations: 233)
[Webpacker] Everything's up-to-date. Nothing to do
Completed 200 OK in 47ms (Views: 43.6ms | ActiveRecord: 0.0ms | Allocations: 5524)


